<?xml version="1.0" encoding="UTF-8"?>
<!-- Generated by org.testng.reporters.JUnitReportReporter -->
<testsuite hostname="Lenovo-PC" failures="0" tests="1" name="com.neopane.tests.LoginTests" time="35.457" errors="0" timestamp="2024-06-12T19:23:54 IST" skipped="0">
  <testcase classname="com.neopane.tests.LoginTests" name="test2" time="35.457"/>
  <system-out/>
</testsuite> <!-- com.neopane.tests.LoginTests -->
