<?xml version="1.0" encoding="UTF-8"?>
<!-- Generated by org.testng.reporters.JUnitReportReporter -->
<testsuite hostname="Lenovo-PC" failures="0" tests="1" name="com.neopane.tests.OrangeLoginTest" time="18.081" errors="0" timestamp="2024-07-03T17:54:55 IST" skipped="0">
  <testcase classname="com.neopane.tests.OrangeLoginTest" name="validateLogin" time="18.081"/>
  <system-out/>
</testsuite> <!-- com.neopane.tests.OrangeLoginTest -->
